#! /usr/bin/vvp
:ivl_version "12.0 (stable)";
:ivl_delay_selection "TYPICAL";
:vpi_time_precision + 0;
:vpi_module "/usr/lib/x86_64-linux-gnu/ivl/system.vpi";
:vpi_module "/usr/lib/x86_64-linux-gnu/ivl/vhdl_sys.vpi";
:vpi_module "/usr/lib/x86_64-linux-gnu/ivl/vhdl_textio.vpi";
:vpi_module "/usr/lib/x86_64-linux-gnu/ivl/v2005_math.vpi";
:vpi_module "/usr/lib/x86_64-linux-gnu/ivl/va_math.vpi";
S_0x59699baa92a0 .scope module, "Parity_Checker_tb" "Parity_Checker_tb" 2 1;
 .timescale 0 0;
v0x59699babc5f0_0 .var "a", 3 0;
v0x59699babc6e0_0 .var/i "i", 31 0;
v0x59699babc7a0_0 .var "p", 0 0;
v0x59699babc8a0_0 .net "y", 0 0, v0x59699babc4b0_0;  1 drivers
S_0x59699baa9430 .scope module, "uut" "Parity_Checker_beh" 2 7, 3 1 0, S_0x59699baa92a0;
 .timescale 0 0;
    .port_info 0 /INPUT 4 "a";
    .port_info 1 /INPUT 1 "p";
    .port_info 2 /OUTPUT 1 "y";
P_0x59699baa9610 .param/l "N" 0 3 1, +C4<00000000000000000000000000000100>;
v0x59699ba981d0_0 .net "a", 3 0, v0x59699babc5f0_0;  1 drivers
v0x59699babc300_0 .net "p", 0 0, v0x59699babc7a0_0;  1 drivers
v0x59699babc3c0_0 .var "temp", 4 0;
v0x59699babc4b0_0 .var "y", 0 0;
E_0x59699baa9d20 .event anyedge, v0x59699ba981d0_0, v0x59699babc300_0, v0x59699babc3c0_0;
    .scope S_0x59699baa9430;
T_0 ;
    %wait E_0x59699baa9d20;
    %load/vec4 v0x59699ba981d0_0;
    %load/vec4 v0x59699babc300_0;
    %concat/vec4; draw_concat_vec4
    %store/vec4 v0x59699babc3c0_0, 0, 5;
    %load/vec4 v0x59699babc3c0_0;
    %xor/r;
    %store/vec4 v0x59699babc4b0_0, 0, 1;
    %jmp T_0;
    .thread T_0, $push;
    .scope S_0x59699baa92a0;
T_1 ;
    %vpi_call 2 13 "$dumpfile", "Parity_Checker.vcd" {0 0 0};
    %vpi_call 2 14 "$dumpvars", 32'sb00000000000000000000000000000000, S_0x59699baa92a0 {0 0 0};
    %vpi_call 2 15 "$monitor", "time=%0t,a=%b,p=%b,y=%b" {0 0 0};
    %pushi/vec4 0, 0, 32;
    %store/vec4 v0x59699babc6e0_0, 0, 32;
T_1.0 ;
    %load/vec4 v0x59699babc6e0_0;
    %cmpi/s 16, 0, 32;
    %jmp/0xz T_1.1, 5;
    %load/vec4 v0x59699babc6e0_0;
    %addi 1, 0, 32;
    %store/vec4 v0x59699babc6e0_0, 0, 32;
    %jmp T_1.0;
T_1.1 ;
    %load/vec4 v0x59699babc6e0_0;
    %pad/s 5;
    %split/vec4 1;
    %store/vec4 v0x59699babc7a0_0, 0, 1;
    %store/vec4 v0x59699babc5f0_0, 0, 4;
    %delay 10, 0;
    %vpi_call 2 21 "$finish" {0 0 0};
    %end;
    .thread T_1;
# The file index is used to find the file name in the following table.
:file_names 4;
    "N/A";
    "<interactive>";
    "Parity_Checker_tb.v";
    "Parity_Checker_beh.v";
