#! /usr/bin/vvp
:ivl_version "12.0 (stable)";
:ivl_delay_selection "TYPICAL";
:vpi_time_precision + 0;
:vpi_module "/usr/lib/x86_64-linux-gnu/ivl/system.vpi";
:vpi_module "/usr/lib/x86_64-linux-gnu/ivl/vhdl_sys.vpi";
:vpi_module "/usr/lib/x86_64-linux-gnu/ivl/vhdl_textio.vpi";
:vpi_module "/usr/lib/x86_64-linux-gnu/ivl/v2005_math.vpi";
:vpi_module "/usr/lib/x86_64-linux-gnu/ivl/va_math.vpi";
S_0x562449ea28f0 .scope module, "odd_even_detector_tb" "odd_even_detector_tb" 2 1;
 .timescale 0 0;
v0x562449eb5ff0_0 .var "a", 2 0;
v0x562449eb60e0_0 .net "e", 0 0, v0x562449eb5de0_0;  1 drivers
v0x562449eb61b0_0 .var/i "i", 31 0;
v0x562449eb6280_0 .net "o", 0 0, v0x562449eb5ea0_0;  1 drivers
S_0x562449ea2a80 .scope module, "uut" "odd_even_detector_beh" 2 5, 3 1 0, S_0x562449ea28f0;
 .timescale 0 0;
    .port_info 0 /INPUT 3 "a";
    .port_info 1 /OUTPUT 1 "o";
    .port_info 2 /OUTPUT 1 "e";
P_0x562449ea2c60 .param/l "N" 0 3 1, +C4<00000000000000000000000000000011>;
v0x562449e91770_0 .net "a", 2 0, v0x562449eb5ff0_0;  1 drivers
v0x562449eb5de0_0 .var "e", 0 0;
v0x562449eb5ea0_0 .var "o", 0 0;
E_0x562449ea31a0 .event anyedge, v0x562449e91770_0;
    .scope S_0x562449ea2a80;
T_0 ;
    %wait E_0x562449ea31a0;
    %load/vec4 v0x562449e91770_0;
    %parti/s 1, 0, 2;
    %pad/u 32;
    %cmpi/e 0, 0, 32;
    %jmp/0xz  T_0.0, 4;
    %pushi/vec4 0, 0, 1;
    %store/vec4 v0x562449eb5ea0_0, 0, 1;
    %pushi/vec4 1, 0, 1;
    %store/vec4 v0x562449eb5de0_0, 0, 1;
    %jmp T_0.1;
T_0.0 ;
    %pushi/vec4 1, 0, 1;
    %store/vec4 v0x562449eb5ea0_0, 0, 1;
    %pushi/vec4 0, 0, 1;
    %store/vec4 v0x562449eb5de0_0, 0, 1;
T_0.1 ;
    %jmp T_0;
    .thread T_0, $push;
    .scope S_0x562449ea28f0;
T_1 ;
    %vpi_call 2 11 "$dumpfile", "odd_even_detector.vcd" {0 0 0};
    %vpi_call 2 12 "$dumpvars", 32'sb00000000000000000000000000000000, S_0x562449ea28f0 {0 0 0};
    %vpi_call 2 14 "$monitor", "time=%0t,a=%b,odd=%b,even=%b", $time, v0x562449eb5ff0_0, v0x562449eb6280_0, v0x562449eb60e0_0 {0 0 0};
    %pushi/vec4 0, 0, 32;
    %store/vec4 v0x562449eb61b0_0, 0, 32;
T_1.0 ;
    %load/vec4 v0x562449eb61b0_0;
    %cmpi/s 8, 0, 32;
    %jmp/0xz T_1.1, 5;
    %load/vec4 v0x562449eb61b0_0;
    %pad/s 3;
    %store/vec4 v0x562449eb5ff0_0, 0, 3;
    %delay 10, 0;
    %load/vec4 v0x562449eb61b0_0;
    %addi 1, 0, 32;
    %store/vec4 v0x562449eb61b0_0, 0, 32;
    %jmp T_1.0;
T_1.1 ;
    %end;
    .thread T_1;
# The file index is used to find the file name in the following table.
:file_names 4;
    "N/A";
    "<interactive>";
    "odd_even_detector_tb.v";
    "odd_even_detector_beh.v";
